<?xml version="1.0" encoding="UTF-8"?>
<!-- Generated by org.testng.reporters.JUnitReportReporter -->
<testsuite hostname="DESKTOP-9HUJEEL" failures="0" tests="3" name="LandingPageTest.LandingPageValidationTest" time="9.679" errors="0" timestamp="2024-07-22T12:17:16 IST" skipped="0">
  <testcase classname="LandingPageTest.LandingPageValidationTest" name="getStartedButtonVald" time="5.108"/>
  <testcase classname="LandingPageTest.LandingPageValidationTest" name="welcomeTextVald" time="2.281"/>
  <testcase classname="LandingPageTest.LandingPageValidationTest" name="healthcareTilevald" time="2.290"/>
</testsuite> <!-- LandingPageTest.LandingPageValidationTest -->
