<?xml version="1.0" encoding="UTF-8"?>
<!-- Generated by org.testng.reporters.JUnitReportReporter -->
<testsuite hostname="DESKTOP-9HUJEEL" failures="0" tests="2" name="LandingPageTest.LandingPageValidationTest" time="6.885" errors="0" timestamp="2024-07-16T15:17:42 IST" skipped="0">
  <testcase classname="LandingPageTest.LandingPageValidationTest" name="getStartedButtonVald" time="4.812"/>
  <testcase classname="LandingPageTest.LandingPageValidationTest" name="welcomeTextVald" time="2.073"/>
</testsuite> <!-- LandingPageTest.LandingPageValidationTest -->
