<?xml version="1.0" encoding="UTF-8"?>
<!-- Generated by org.testng.reporters.JUnitReportReporter -->
<testsuite hostname="DESKTOP-9HUJEEL" failures="0" tests="2" name="LandingPageTest.SignUpPageTest" time="16.571" errors="0" timestamp="2024-07-17T13:59:05 IST" skipped="0">
  <testcase classname="LandingPageTest.SignUpPageTest" name="signinLinkvald" time="9.830"/>
  <testcase classname="LandingPageTest.SignUpPageTest" name="signUpVald" time="6.741"/>
</testsuite> <!-- LandingPageTest.SignUpPageTest -->
